Determining if the pthread_create exist failed with the following output:
Change Dir: /home/srikar/catkin_ws/build/CMakeFiles/CMakeTmp

Run Build Command:"/usr/bin/make" "cmTC_46fef/fast"
/usr/bin/make -f CMakeFiles/cmTC_46fef.dir/build.make CMakeFiles/cmTC_46fef.dir/build
make[1]: Entering directory '/home/srikar/catkin_ws/build/CMakeFiles/CMakeTmp'
Building C object CMakeFiles/cmTC_46fef.dir/CheckSymbolExists.c.o
/usr/bin/cc    -o CMakeFiles/cmTC_46fef.dir/CheckSymbolExists.c.o   -c /home/srikar/catkin_ws/build/CMakeFiles/CMakeTmp/CheckSymbolExists.c
Linking C executable cmTC_46fef
/usr/bin/cmake -E cmake_link_script CMakeFiles/cmTC_46fef.dir/link.txt --verbose=1
/usr/bin/cc      -rdynamic CMakeFiles/cmTC_46fef.dir/CheckSymbolExists.c.o  -o cmTC_46fef 
CMakeFiles/cmTC_46fef.dir/CheckSymbolExists.c.o: In function `main':
CheckSymbolExists.c:(.text+0x1b): undefined reference to `pthread_create'
collect2: error: ld returned 1 exit status
CMakeFiles/cmTC_46fef.dir/build.make:97: recipe for target 'cmTC_46fef' failed
make[1]: *** [cmTC_46fef] Error 1
make[1]: Leaving directory '/home/srikar/catkin_ws/build/CMakeFiles/CMakeTmp'
Makefile:126: recipe for target 'cmTC_46fef/fast' failed
make: *** [cmTC_46fef/fast] Error 2

File /home/srikar/catkin_ws/build/CMakeFiles/CMakeTmp/CheckSymbolExists.c:
/* */
#include <pthread.h>

int main(int argc, char** argv)
{
  (void)argv;
#ifndef pthread_create
  return ((int*)(&pthread_create))[argc];
#else
  (void)argc;
  return 0;
#endif
}

Determining if the function pthread_create exists in the pthreads failed with the following output:
Change Dir: /home/srikar/catkin_ws/build/CMakeFiles/CMakeTmp

Run Build Command:"/usr/bin/make" "cmTC_db686/fast"
/usr/bin/make -f CMakeFiles/cmTC_db686.dir/build.make CMakeFiles/cmTC_db686.dir/build
make[1]: Entering directory '/home/srikar/catkin_ws/build/CMakeFiles/CMakeTmp'
Building C object CMakeFiles/cmTC_db686.dir/CheckFunctionExists.c.o
/usr/bin/cc   -DCHECK_FUNCTION_EXISTS=pthread_create   -o CMakeFiles/cmTC_db686.dir/CheckFunctionExists.c.o   -c /usr/share/cmake-3.10/Modules/CheckFunctionExists.c
Linking C executable cmTC_db686
/usr/bin/cmake -E cmake_link_script CMakeFiles/cmTC_db686.dir/link.txt --verbose=1
/usr/bin/cc  -DCHECK_FUNCTION_EXISTS=pthread_create    -rdynamic CMakeFiles/cmTC_db686.dir/CheckFunctionExists.c.o  -o cmTC_db686 -lpthreads 
/usr/bin/ld: cannot find -lpthreads
collect2: error: ld returned 1 exit status
CMakeFiles/cmTC_db686.dir/build.make:97: recipe for target 'cmTC_db686' failed
make[1]: *** [cmTC_db686] Error 1
make[1]: Leaving directory '/home/srikar/catkin_ws/build/CMakeFiles/CMakeTmp'
Makefile:126: recipe for target 'cmTC_db686/fast' failed
make: *** [cmTC_db686/fast] Error 2


Performing C SOURCE FILE Test CMAKE_HAVE_LIBC_PTHREAD failed with the following output:
Change Dir: /home/srikar/catkin_ws/build/CMakeFiles/CMakeTmp

Run Build Command(s):/usr/bin/make -f Makefile cmTC_4aa42/fast && /usr/bin/make  -f CMakeFiles/cmTC_4aa42.dir/build.make CMakeFiles/cmTC_4aa42.dir/build
make[1]: Entering directory '/home/srikar/catkin_ws/build/CMakeFiles/CMakeTmp'
Building C object CMakeFiles/cmTC_4aa42.dir/src.c.o
/usr/bin/cc -DCMAKE_HAVE_LIBC_PTHREAD   -o CMakeFiles/cmTC_4aa42.dir/src.c.o -c /home/srikar/catkin_ws/build/CMakeFiles/CMakeTmp/src.c
Linking C executable cmTC_4aa42
/home/srikar/cmake-3.22.0-linux-x86_64/bin/cmake -E cmake_link_script CMakeFiles/cmTC_4aa42.dir/link.txt --verbose=1
/usr/bin/cc -rdynamic CMakeFiles/cmTC_4aa42.dir/src.c.o -o cmTC_4aa42 
CMakeFiles/cmTC_4aa42.dir/src.c.o: In function `main':
src.c:(.text+0x3e): undefined reference to `pthread_create'
src.c:(.text+0x4a): undefined reference to `pthread_detach'
src.c:(.text+0x56): undefined reference to `pthread_cancel'
src.c:(.text+0x67): undefined reference to `pthread_join'
src.c:(.text+0x7b): undefined reference to `pthread_atfork'
collect2: error: ld returned 1 exit status
CMakeFiles/cmTC_4aa42.dir/build.make:98: recipe for target 'cmTC_4aa42' failed
make[1]: *** [cmTC_4aa42] Error 1
make[1]: Leaving directory '/home/srikar/catkin_ws/build/CMakeFiles/CMakeTmp'
Makefile:127: recipe for target 'cmTC_4aa42/fast' failed
make: *** [cmTC_4aa42/fast] Error 2


Source file was:
#include <pthread.h>

static void* test_func(void* data)
{
  return data;
}

int main(void)
{
  pthread_t thread;
  pthread_create(&thread, NULL, test_func, NULL);
  pthread_detach(thread);
  pthread_cancel(thread);
  pthread_join(thread, NULL);
  pthread_atfork(NULL, NULL, NULL);
  pthread_exit(NULL);

  return 0;
}

Determining if the function sgemm_ exists failed with the following output:
Change Dir: /home/srikar/catkin_ws/build/CMakeFiles/CMakeTmp

Run Build Command(s):/usr/bin/make -f Makefile cmTC_8651b/fast && /usr/bin/make  -f CMakeFiles/cmTC_8651b.dir/build.make CMakeFiles/cmTC_8651b.dir/build
make[1]: Entering directory '/home/srikar/catkin_ws/build/CMakeFiles/CMakeTmp'
Building C object CMakeFiles/cmTC_8651b.dir/CheckFunctionExists.c.o
/usr/bin/cc   -DCHECK_FUNCTION_EXISTS=sgemm_ -o CMakeFiles/cmTC_8651b.dir/CheckFunctionExists.c.o -c /home/srikar/cmake-3.22.0-linux-x86_64/share/cmake-3.22/Modules/CheckFunctionExists.c
Linking C executable cmTC_8651b
/home/srikar/cmake-3.22.0-linux-x86_64/bin/cmake -E cmake_link_script CMakeFiles/cmTC_8651b.dir/link.txt --verbose=1
/usr/bin/cc  -DCHECK_FUNCTION_EXISTS=sgemm_ CMakeFiles/cmTC_8651b.dir/CheckFunctionExists.c.o -o cmTC_8651b 
CMakeFiles/cmTC_8651b.dir/CheckFunctionExists.c.o: In function `main':
CheckFunctionExists.c:(.text+0x10): undefined reference to `sgemm_'
collect2: error: ld returned 1 exit status
CMakeFiles/cmTC_8651b.dir/build.make:98: recipe for target 'cmTC_8651b' failed
make[1]: *** [cmTC_8651b] Error 1
make[1]: Leaving directory '/home/srikar/catkin_ws/build/CMakeFiles/CMakeTmp'
Makefile:127: recipe for target 'cmTC_8651b/fast' failed
make: *** [cmTC_8651b/fast] Error 2



